 * Task [Fix a problem of project resources linked to items] : Nothing to do
 * Task [GenerateJobPomMigrationTask] : Applied successfully
 * Task [TeradataTPTAddDatabaseNameToOptionalTablesMigrationTask] : Applied successfully
 * Task [SetDefaultPartSizeForTGSPutMigrationTask] : Applied successfully
 * Task [AutoUpdateRelationsMigrationTask] : Applied successfully
 ---=== End of migration ===---
 ---=== Start Migration of project WIPO_Projects ===---
 * Task [ResetMavenTemplateMigrationTask] : Applied successfully
 * Task [RemoveSnapshotJarMigrationTask] : Applied successfully
 * Task [Fix a problem of project resources linked to items] : Applied successfully
 * Task [GenerateJobPomMigrationTask] : Applied successfully
 * Task [UncheckTrustAllMigrationTask] : Applied successfully
 * Task [EnabletPersonatorAddressBasicSettingTask] : Applied successfully
 * Task [UpdateModuleListInComponentsMigrationTask] : Nothing to do
 * Task [AutoUpdateRelationsMigrationTask] : Applied successfully
 ---=== End of migration ===---
 * Task [Fix a problem of project resources linked to items] : Applied successfully
 * Task [GenerateJobPomMigrationTask] : Applied successfully
 * Task [ChangeELTPostgresDbVersionMigrationTask] : Applied successfully
 * Task [SpecialUpdateELTDefaultNameMigrationTask] : Nothing to do
 * Task [RevertJDBCContextModeMappingFileValueMigrationTask] : Nothing to do
 * Task [UncheckUseExtraParameterMigrationTask] : Applied successfully
 * Task [SetDatasetCheckBoxGlobalOption] : Nothing to do
 * Task [ChangeTMatchGroupConfidentWeightTypeTask] : Applied successfully
 * Task [FixModuleListInBDJDBCMigrationTask] : Nothing to do
 * Task [AutoUpdateRelationsMigrationTask] : Applied successfully
 ---=== End of migration ===---
 ---=== Start Migration of project WIPO_Projects ===---
 * Task [MoveHDFSAndHCatalogToHadoopFolderMigrationTask] : Applied successfully
 * Task [ResetMavenTemplateMigrationTask] : Applied successfully
 * Task [Fix a problem of project resources linked to items] : Nothing to do
 * Task [PushHCatalogIntoHadoopClusterMigrationTask] : Nothing to do
 * Task [PushHDFSIntoHadoopClusterMigrationTask] : Nothing to do
 * Task [UnifyPasswordEncryption4NoSQLConnectionMigrationTask] : Nothing to do
 * Task [ChangeMongoDBConnectionMinimalVersionMigrationTask] : Nothing to do
 * Task [FixCassandraDataStaxDbtypesProblemMigrationTask] : Nothing to do
 * Task [ChangeHadoopConfJarNameMigrationTask] : Nothing to do
 * Task [AdaptDeprecatedHadoopVersionsMigrationTask] : Nothing to do
 * Task [ReviseInvalidContextNamesOfHadoopPropertiesMigrationTask] : Nothing to do
 * Task [UpdateHadoopConfsForContextualHadoopClusterMigrationTask] : Nothing to do
 * Task [GenerateJobPomMigrationTask] : Applied successfully
 * Task [AutoUpdateRelationsMigrationTask] : Applied successfully
 ---=== End of migration ===---
 ---=== Start Migration of project WIPO_Projects ===---
 * Task [ResetMavenTemplateMigrationTask] : Applied successfully
 * Task [AddKafkaExtraInfo] : Nothing to do
 * Task [UpdateDaikonCryptoUtilsMigrationTask] : Nothing to do
 * Task [Fix a problem of project resources linked to items] : Nothing to do
 * Task [GenerateJobPomMigrationTask] : Applied successfully
 * Task [ChangeDefaultDriver4GreenplumMigrationTask] : Applied successfully
 * Task [ChangeFileInputDynamicFieldLength] : Applied successfully
 * Task [SpecialUpdateELTEnableColumnAliasMigrationTask] : Applied successfully
 * Task [FixUpgradePasswordEncryptionAlg4ItemMigrationTask] : Nothing to do
 * Task [UpdateModuleListInComponents2MigrationTask] : Nothing to do
 * Task [SetUseLocalTimezone] : Nothing to do
 * Task [RemoveDefaultProxyIPTask] : Applied successfully
 * Task [ReplaceDefaultProxyIPMigrationTask] : Applied successfully
 * Task [ReplaceInheritCredentialCheckBoxWithDropDownListTask] : Applied successfully
 * Task [ChangeGreenplumDefaultDriverMigrationTask] : Nothing to do
 * Task [RemoveDeprecateSASItemMigrationTask] : Nothing to do
 * Task [AutoUpdateRelationsMigrationTask] : Applied successfully
 ---=== End of migration ===---
