2020-09-30 13:50:52,466 INFO  org.talend.commons.utils.time.TimeMeasurePerformance  -   Start 'logOnProject' ...
2020-09-30 13:50:56,951 INFO  org.talend.commons.utils.time.TimeMeasurePerformance  -   -> 'logOnProject', step name 'beforeLogon', elapsed time since previous step: 4485 ms
2020-09-30 13:51:06,618 INFO  org.talend.commons.utils.time.TimeMeasurePerformance  -   -> 'logOnProject', step name 'Sync components libraries', elapsed time since previous step: 9667 ms
2020-09-30 13:51:06,622 INFO  org.talend.commons.utils.time.TimeMeasurePerformance  -   -> 'logOnProject', step name 'executeMigrations(beforeLogonTasks)', elapsed time since previous step: 4 ms
2020-09-30 13:51:07,137 INFO  org.talend.commons.utils.time.TimeMeasurePerformance  -   -> 'logOnProject', step name 'logOnProject', elapsed time since previous step: 515 ms
2020-09-30 13:51:07,236 INFO  org.talend.commons.utils.time.TimeMeasurePerformance  -   -> 'logOnProject', step name 'executeMigrations(afterLogonTasks)', elapsed time since previous step: 99 ms
2020-09-30 13:51:07,236 INFO  org.talend.commons.utils.time.TimeMeasurePerformance  -   -> 'logOnProject', step name 'clean Java project', elapsed time since previous step: 0 ms
2020-09-30 13:51:07,238 INFO  org.talend.commons.utils.time.TimeMeasurePerformance  -   -> 'logOnProject', step name 'clean workspace history', elapsed time since previous step: 2 ms
2020-09-30 13:51:09,182 INFO  org.talend.commons.utils.time.TimeMeasurePerformance  -   -> 'logOnProject', step name 'sync repository (routines/rules/beans)', elapsed time since previous step: 1944 ms
2020-09-30 13:51:09,210 INFO  org.talend.commons.utils.time.TimeMeasurePerformance  -   -> 'logOnProject', step name 'sync log4j', elapsed time since previous step: 28 ms
2020-09-30 13:51:16,660 INFO  org.talend.commons.utils.time.TimeMeasurePerformance  -   -> 'logOnProject', step name 'install / setup root poms', elapsed time since previous step: 7450 ms
2020-09-30 13:51:16,682 INFO  org.talend.commons.utils.time.TimeMeasurePerformance  -   End 'logOnProject', elapsed time since last request: 7450 ms 
2020-09-30 13:51:16,682 INFO  org.talend.commons.utils.time.TimeMeasurePerformance  -   End 'logOnProject', total elapsed time: 24216 ms 
2020-10-12 15:29:05,980 INFO  org.talend.commons.utils.time.TimeMeasurePerformance  -   Start 'logOnProject' ...
2020-10-12 15:29:11,003 INFO  org.talend.commons.utils.time.TimeMeasurePerformance  -   -> 'logOnProject', step name 'beforeLogon', elapsed time since previous step: 5023 ms
2020-10-12 15:29:11,608 INFO  org.talend.commons.utils.time.TimeMeasurePerformance  -   -> 'logOnProject', step name 'Sync components libraries', elapsed time since previous step: 605 ms
2020-10-12 15:29:11,614 INFO  org.talend.commons.utils.time.TimeMeasurePerformance  -   -> 'logOnProject', step name 'executeMigrations(beforeLogonTasks)', elapsed time since previous step: 6 ms
2020-10-12 15:29:12,120 INFO  org.talend.commons.utils.time.TimeMeasurePerformance  -   -> 'logOnProject', step name 'logOnProject', elapsed time since previous step: 506 ms
2020-10-12 15:29:13,990 INFO  org.talend.commons.utils.time.TimeMeasurePerformance  -   -> 'logOnProject', step name 'executeMigrations(afterLogonTasks)', elapsed time since previous step: 1870 ms
2020-10-12 15:29:13,991 INFO  org.talend.commons.utils.time.TimeMeasurePerformance  -   -> 'logOnProject', step name 'clean Java project', elapsed time since previous step: 1 ms
2020-10-12 15:29:14,469 INFO  org.talend.commons.utils.time.TimeMeasurePerformance  -   -> 'logOnProject', step name 'clean workspace history', elapsed time since previous step: 478 ms
2020-10-12 15:29:17,735 INFO  org.talend.commons.utils.time.TimeMeasurePerformance  -   -> 'logOnProject', step name 'sync repository (routines/rules/beans)', elapsed time since previous step: 3266 ms
2020-10-12 15:29:17,739 INFO  org.talend.commons.utils.time.TimeMeasurePerformance  -   -> 'logOnProject', step name 'sync log4j', elapsed time since previous step: 4 ms
2020-10-12 15:29:23,259 INFO  org.talend.commons.utils.time.TimeMeasurePerformance  -   -> 'logOnProject', step name 'install / setup root poms', elapsed time since previous step: 5520 ms
2020-10-12 15:29:23,259 INFO  org.talend.commons.utils.time.TimeMeasurePerformance  -   End 'logOnProject', elapsed time since last request: 5520 ms 
2020-10-12 15:29:23,259 INFO  org.talend.commons.utils.time.TimeMeasurePerformance  -   End 'logOnProject', total elapsed time: 17279 ms 
2020-10-16 09:31:53,833 INFO  org.talend.commons.utils.time.TimeMeasurePerformance  -   Start 'logOnProject' ...
2020-10-16 09:31:59,071 INFO  org.talend.commons.utils.time.TimeMeasurePerformance  -   -> 'logOnProject', step name 'beforeLogon', elapsed time since previous step: 5238 ms
2020-10-16 09:31:59,540 INFO  org.talend.commons.utils.time.TimeMeasurePerformance  -   -> 'logOnProject', step name 'Sync components libraries', elapsed time since previous step: 469 ms
2020-10-16 09:31:59,547 INFO  org.talend.commons.utils.time.TimeMeasurePerformance  -   -> 'logOnProject', step name 'executeMigrations(beforeLogonTasks)', elapsed time since previous step: 7 ms
2020-10-16 09:31:59,933 INFO  org.talend.commons.utils.time.TimeMeasurePerformance  -   -> 'logOnProject', step name 'logOnProject', elapsed time since previous step: 386 ms
2020-10-16 09:32:00,041 INFO  org.talend.commons.utils.time.TimeMeasurePerformance  -   -> 'logOnProject', step name 'executeMigrations(afterLogonTasks)', elapsed time since previous step: 108 ms
2020-10-16 09:32:00,042 INFO  org.talend.commons.utils.time.TimeMeasurePerformance  -   -> 'logOnProject', step name 'clean Java project', elapsed time since previous step: 1 ms
2020-10-16 09:32:00,048 INFO  org.talend.commons.utils.time.TimeMeasurePerformance  -   -> 'logOnProject', step name 'clean workspace history', elapsed time since previous step: 6 ms
2020-10-16 09:32:03,874 INFO  org.talend.commons.utils.time.TimeMeasurePerformance  -   -> 'logOnProject', step name 'sync repository (routines/rules/beans)', elapsed time since previous step: 3826 ms
2020-10-16 09:32:03,878 INFO  org.talend.commons.utils.time.TimeMeasurePerformance  -   -> 'logOnProject', step name 'sync log4j', elapsed time since previous step: 4 ms
2020-10-16 09:32:09,212 INFO  org.talend.commons.utils.time.TimeMeasurePerformance  -   -> 'logOnProject', step name 'install / setup root poms', elapsed time since previous step: 5334 ms
2020-10-16 09:32:09,212 INFO  org.talend.commons.utils.time.TimeMeasurePerformance  -   End 'logOnProject', elapsed time since last request: 5334 ms 
2020-10-16 09:32:09,212 INFO  org.talend.commons.utils.time.TimeMeasurePerformance  -   End 'logOnProject', total elapsed time: 15379 ms 
2020-10-16 15:31:52,969 INFO  org.talend.commons.utils.time.TimeMeasurePerformance  -   Start 'logOnProject' ...
2020-10-16 15:31:58,052 INFO  org.talend.commons.utils.time.TimeMeasurePerformance  -   -> 'logOnProject', step name 'beforeLogon', elapsed time since previous step: 5083 ms
2020-10-16 15:31:58,606 INFO  org.talend.commons.utils.time.TimeMeasurePerformance  -   -> 'logOnProject', step name 'Sync components libraries', elapsed time since previous step: 554 ms
2020-10-16 15:31:58,613 INFO  org.talend.commons.utils.time.TimeMeasurePerformance  -   -> 'logOnProject', step name 'executeMigrations(beforeLogonTasks)', elapsed time since previous step: 7 ms
2020-10-16 15:31:58,973 INFO  org.talend.commons.utils.time.TimeMeasurePerformance  -   -> 'logOnProject', step name 'logOnProject', elapsed time since previous step: 360 ms
2020-10-16 15:31:59,085 INFO  org.talend.commons.utils.time.TimeMeasurePerformance  -   -> 'logOnProject', step name 'executeMigrations(afterLogonTasks)', elapsed time since previous step: 112 ms
2020-10-16 15:31:59,085 INFO  org.talend.commons.utils.time.TimeMeasurePerformance  -   -> 'logOnProject', step name 'clean Java project', elapsed time since previous step: 0 ms
2020-10-16 15:31:59,093 INFO  org.talend.commons.utils.time.TimeMeasurePerformance  -   -> 'logOnProject', step name 'clean workspace history', elapsed time since previous step: 8 ms
2020-10-16 15:32:02,392 INFO  org.talend.commons.utils.time.TimeMeasurePerformance  -   -> 'logOnProject', step name 'sync repository (routines/rules/beans)', elapsed time since previous step: 3299 ms
2020-10-16 15:32:02,396 INFO  org.talend.commons.utils.time.TimeMeasurePerformance  -   -> 'logOnProject', step name 'sync log4j', elapsed time since previous step: 4 ms
2020-10-16 15:32:07,920 INFO  org.talend.commons.utils.time.TimeMeasurePerformance  -   -> 'logOnProject', step name 'install / setup root poms', elapsed time since previous step: 5524 ms
2020-10-16 15:32:07,921 INFO  org.talend.commons.utils.time.TimeMeasurePerformance  -   End 'logOnProject', elapsed time since last request: 5524 ms 
2020-10-16 15:32:07,921 INFO  org.talend.commons.utils.time.TimeMeasurePerformance  -   End 'logOnProject', total elapsed time: 14952 ms 
2020-10-21 15:33:35,372 INFO  org.talend.commons.utils.time.TimeMeasurePerformance  -   Start 'logOnProject' ...
2020-10-21 15:33:40,242 INFO  org.talend.commons.utils.time.TimeMeasurePerformance  -   -> 'logOnProject', step name 'beforeLogon', elapsed time since previous step: 4870 ms
2020-10-21 15:33:40,723 INFO  org.talend.commons.utils.time.TimeMeasurePerformance  -   -> 'logOnProject', step name 'Sync components libraries', elapsed time since previous step: 481 ms
2020-10-21 15:33:40,728 INFO  org.talend.commons.utils.time.TimeMeasurePerformance  -   -> 'logOnProject', step name 'executeMigrations(beforeLogonTasks)', elapsed time since previous step: 5 ms
2020-10-21 15:33:41,080 INFO  org.talend.commons.utils.time.TimeMeasurePerformance  -   -> 'logOnProject', step name 'logOnProject', elapsed time since previous step: 352 ms
2020-10-21 15:33:41,183 INFO  org.talend.commons.utils.time.TimeMeasurePerformance  -   -> 'logOnProject', step name 'executeMigrations(afterLogonTasks)', elapsed time since previous step: 103 ms
2020-10-21 15:33:41,183 INFO  org.talend.commons.utils.time.TimeMeasurePerformance  -   -> 'logOnProject', step name 'clean Java project', elapsed time since previous step: 0 ms
2020-10-21 15:33:41,197 INFO  org.talend.commons.utils.time.TimeMeasurePerformance  -   -> 'logOnProject', step name 'clean workspace history', elapsed time since previous step: 14 ms
2020-10-21 15:33:44,596 INFO  org.talend.commons.utils.time.TimeMeasurePerformance  -   -> 'logOnProject', step name 'sync repository (routines/rules/beans)', elapsed time since previous step: 3399 ms
2020-10-21 15:33:44,602 INFO  org.talend.commons.utils.time.TimeMeasurePerformance  -   -> 'logOnProject', step name 'sync log4j', elapsed time since previous step: 5 ms
2020-10-21 15:33:49,790 INFO  org.talend.commons.utils.time.TimeMeasurePerformance  -   -> 'logOnProject', step name 'install / setup root poms', elapsed time since previous step: 5189 ms
2020-10-21 15:33:49,790 INFO  org.talend.commons.utils.time.TimeMeasurePerformance  -   End 'logOnProject', elapsed time since last request: 5189 ms 
2020-10-21 15:33:49,790 INFO  org.talend.commons.utils.time.TimeMeasurePerformance  -   End 'logOnProject', total elapsed time: 14418 ms 
2020-10-30 09:55:43,584 INFO  org.talend.commons.utils.time.TimeMeasurePerformance  -   Start 'logOnProject' ...
2020-10-30 09:55:49,403 INFO  org.talend.commons.utils.time.TimeMeasurePerformance  -   -> 'logOnProject', step name 'beforeLogon', elapsed time since previous step: 5818 ms
2020-10-30 09:55:56,644 INFO  org.talend.commons.utils.time.TimeMeasurePerformance  -   -> 'logOnProject', step name 'Sync components libraries', elapsed time since previous step: 7242 ms
2020-10-30 09:55:56,649 INFO  org.talend.commons.utils.time.TimeMeasurePerformance  -   -> 'logOnProject', step name 'executeMigrations(beforeLogonTasks)', elapsed time since previous step: 5 ms
2020-10-30 09:55:57,074 INFO  org.talend.commons.utils.time.TimeMeasurePerformance  -   -> 'logOnProject', step name 'logOnProject', elapsed time since previous step: 425 ms
2020-10-30 09:56:40,347 INFO  org.talend.commons.utils.time.TimeMeasurePerformance  -   -> 'logOnProject', step name 'executeMigrations(afterLogonTasks)', elapsed time since previous step: 43273 ms
2020-10-30 09:56:40,347 INFO  org.talend.commons.utils.time.TimeMeasurePerformance  -   -> 'logOnProject', step name 'clean Java project', elapsed time since previous step: 0 ms
2020-10-30 09:56:40,442 INFO  org.talend.commons.utils.time.TimeMeasurePerformance  -   -> 'logOnProject', step name 'clean workspace history', elapsed time since previous step: 95 ms
2020-10-30 09:56:42,669 INFO  org.talend.commons.utils.time.TimeMeasurePerformance  -   -> 'logOnProject', step name 'sync repository (routines/rules/beans)', elapsed time since previous step: 2227 ms
2020-10-30 09:56:42,670 INFO  org.talend.commons.utils.time.TimeMeasurePerformance  -   -> 'logOnProject', step name 'sync log4j', elapsed time since previous step: 1 ms
2020-10-30 09:56:49,571 INFO  org.talend.commons.utils.time.TimeMeasurePerformance  -   -> 'logOnProject', step name 'install / setup root poms', elapsed time since previous step: 6901 ms
2020-10-30 09:56:49,571 INFO  org.talend.commons.utils.time.TimeMeasurePerformance  -   End 'logOnProject', elapsed time since last request: 6901 ms 
2020-10-30 09:56:49,571 INFO  org.talend.commons.utils.time.TimeMeasurePerformance  -   End 'logOnProject', total elapsed time: 65987 ms 
2020-11-02 11:07:24,928 INFO  org.talend.commons.utils.time.TimeMeasurePerformance  -   Start 'logOnProject' ...
2020-11-02 11:07:29,988 INFO  org.talend.commons.utils.time.TimeMeasurePerformance  -   -> 'logOnProject', step name 'beforeLogon', elapsed time since previous step: 5060 ms
2020-11-02 11:07:30,470 INFO  org.talend.commons.utils.time.TimeMeasurePerformance  -   -> 'logOnProject', step name 'Sync components libraries', elapsed time since previous step: 482 ms
2020-11-02 11:07:30,476 INFO  org.talend.commons.utils.time.TimeMeasurePerformance  -   -> 'logOnProject', step name 'executeMigrations(beforeLogonTasks)', elapsed time since previous step: 6 ms
2020-11-02 11:07:30,956 INFO  org.talend.commons.utils.time.TimeMeasurePerformance  -   -> 'logOnProject', step name 'logOnProject', elapsed time since previous step: 480 ms
2020-11-02 11:07:33,337 INFO  org.talend.commons.utils.time.TimeMeasurePerformance  -   -> 'logOnProject', step name 'executeMigrations(afterLogonTasks)', elapsed time since previous step: 2381 ms
2020-11-02 11:07:33,337 INFO  org.talend.commons.utils.time.TimeMeasurePerformance  -   -> 'logOnProject', step name 'clean Java project', elapsed time since previous step: 0 ms
2020-11-02 11:07:33,407 INFO  org.talend.commons.utils.time.TimeMeasurePerformance  -   -> 'logOnProject', step name 'clean workspace history', elapsed time since previous step: 70 ms
2020-11-02 11:07:35,164 INFO  org.talend.commons.utils.time.TimeMeasurePerformance  -   -> 'logOnProject', step name 'sync repository (routines/rules/beans)', elapsed time since previous step: 1757 ms
2020-11-02 11:07:35,167 INFO  org.talend.commons.utils.time.TimeMeasurePerformance  -   -> 'logOnProject', step name 'sync log4j', elapsed time since previous step: 3 ms
2020-11-02 11:07:35,195 INFO  org.talend.commons.utils.time.TimeMeasurePerformance  -   -> 'logOnProject', step name 'install / setup root poms', elapsed time since previous step: 28 ms
2020-11-02 11:07:35,195 INFO  org.talend.commons.utils.time.TimeMeasurePerformance  -   End 'logOnProject', elapsed time since last request: 28 ms 
2020-11-02 11:07:35,195 INFO  org.talend.commons.utils.time.TimeMeasurePerformance  -   End 'logOnProject', total elapsed time: 10267 ms 
2020-11-04 12:49:21,610 INFO  org.talend.commons.utils.time.TimeMeasurePerformance  -   Start 'logOnProject' ...
2020-11-04 12:49:27,342 INFO  org.talend.commons.utils.time.TimeMeasurePerformance  -   -> 'logOnProject', step name 'beforeLogon', elapsed time since previous step: 5732 ms
2020-11-04 12:49:27,836 INFO  org.talend.commons.utils.time.TimeMeasurePerformance  -   -> 'logOnProject', step name 'Sync components libraries', elapsed time since previous step: 494 ms
2020-11-04 12:49:27,842 INFO  org.talend.commons.utils.time.TimeMeasurePerformance  -   -> 'logOnProject', step name 'executeMigrations(beforeLogonTasks)', elapsed time since previous step: 6 ms
2020-11-04 12:49:28,239 INFO  org.talend.commons.utils.time.TimeMeasurePerformance  -   -> 'logOnProject', step name 'logOnProject', elapsed time since previous step: 397 ms
2020-11-04 12:49:28,346 INFO  org.talend.commons.utils.time.TimeMeasurePerformance  -   -> 'logOnProject', step name 'executeMigrations(afterLogonTasks)', elapsed time since previous step: 107 ms
2020-11-04 12:49:28,346 INFO  org.talend.commons.utils.time.TimeMeasurePerformance  -   -> 'logOnProject', step name 'clean Java project', elapsed time since previous step: 0 ms
2020-11-04 12:49:28,366 INFO  org.talend.commons.utils.time.TimeMeasurePerformance  -   -> 'logOnProject', step name 'clean workspace history', elapsed time since previous step: 20 ms
2020-11-04 12:49:31,838 INFO  org.talend.commons.utils.time.TimeMeasurePerformance  -   -> 'logOnProject', step name 'sync repository (routines/rules/beans)', elapsed time since previous step: 3472 ms
2020-11-04 12:49:31,841 INFO  org.talend.commons.utils.time.TimeMeasurePerformance  -   -> 'logOnProject', step name 'sync log4j', elapsed time since previous step: 3 ms
2020-11-04 12:49:31,876 INFO  org.talend.commons.utils.time.TimeMeasurePerformance  -   -> 'logOnProject', step name 'install / setup root poms', elapsed time since previous step: 35 ms
2020-11-04 12:49:31,877 INFO  org.talend.commons.utils.time.TimeMeasurePerformance  -   End 'logOnProject', elapsed time since last request: 35 ms 
2020-11-04 12:49:31,877 INFO  org.talend.commons.utils.time.TimeMeasurePerformance  -   End 'logOnProject', total elapsed time: 10267 ms 
2020-11-05 10:37:12,389 INFO  org.talend.commons.utils.time.TimeMeasurePerformance  -   Start 'logOnProject' ...
2020-11-05 10:37:17,484 INFO  org.talend.commons.utils.time.TimeMeasurePerformance  -   -> 'logOnProject', step name 'beforeLogon', elapsed time since previous step: 5095 ms
2020-11-05 10:37:18,046 INFO  org.talend.commons.utils.time.TimeMeasurePerformance  -   -> 'logOnProject', step name 'Sync components libraries', elapsed time since previous step: 562 ms
2020-11-05 10:37:18,054 INFO  org.talend.commons.utils.time.TimeMeasurePerformance  -   -> 'logOnProject', step name 'executeMigrations(beforeLogonTasks)', elapsed time since previous step: 8 ms
2020-11-05 10:37:18,535 INFO  org.talend.commons.utils.time.TimeMeasurePerformance  -   -> 'logOnProject', step name 'logOnProject', elapsed time since previous step: 481 ms
2020-11-05 10:37:18,659 INFO  org.talend.commons.utils.time.TimeMeasurePerformance  -   -> 'logOnProject', step name 'executeMigrations(afterLogonTasks)', elapsed time since previous step: 124 ms
2020-11-05 10:37:18,659 INFO  org.talend.commons.utils.time.TimeMeasurePerformance  -   -> 'logOnProject', step name 'clean Java project', elapsed time since previous step: 0 ms
2020-11-05 10:37:18,681 INFO  org.talend.commons.utils.time.TimeMeasurePerformance  -   -> 'logOnProject', step name 'clean workspace history', elapsed time since previous step: 22 ms
2020-11-05 10:37:21,996 INFO  org.talend.commons.utils.time.TimeMeasurePerformance  -   -> 'logOnProject', step name 'sync repository (routines/rules/beans)', elapsed time since previous step: 3315 ms
2020-11-05 10:37:21,999 INFO  org.talend.commons.utils.time.TimeMeasurePerformance  -   -> 'logOnProject', step name 'sync log4j', elapsed time since previous step: 3 ms
2020-11-05 10:37:22,027 INFO  org.talend.commons.utils.time.TimeMeasurePerformance  -   -> 'logOnProject', step name 'install / setup root poms', elapsed time since previous step: 28 ms
2020-11-05 10:37:22,028 INFO  org.talend.commons.utils.time.TimeMeasurePerformance  -   End 'logOnProject', elapsed time since last request: 28 ms 
2020-11-05 10:37:22,028 INFO  org.talend.commons.utils.time.TimeMeasurePerformance  -   End 'logOnProject', total elapsed time: 9639 ms 
